<?xml version="1.0" encoding="UTF-8"?>
<!-- Generated by org.testng.reporters.JUnitXMLReporter -->
<testsuite ignored="2" hostname="DESKTOP-T7EHHSF" failures="0" tests="1" name="Test" time="33.285" errors="0" timestamp="2025-09-15T15:23:54 IST">
  <testcase classname="com.testng.CrossBrowser" name="chrome" time="32.89"/>
  <testcase classname="com.testng.CrossBrowser" name="edge" time="0.0">
    <ignored/>
  </testcase> <!-- edge -->
  <testcase classname="com.testng.CrossBrowser" name="firefox" time="0.0">
    <ignored/>
  </testcase> <!-- firefox -->
</testsuite> <!-- Test -->
